mode: set
swarmsim/domain/bot/bot.go:10.37,10.74 1 1
swarmsim/domain/bot/bot.go:11.37,11.74 1 1
swarmsim/domain/bot/bot.go:12.37,12.70 1 1
swarmsim/domain/bot/bot.go:13.37,13.76 1 1
swarmsim/domain/bot/bot.go:14.37,14.62 1 1
swarmsim/domain/bot/bot.go:16.33,18.12 2 1
swarmsim/domain/bot/bot.go:18.12,20.3 1 1
swarmsim/domain/bot/bot.go:21.2,21.31 1 1
swarmsim/domain/bot/bot.go:25.109,44.25 3 1
swarmsim/domain/bot/bot.go:44.25,46.3 1 1
swarmsim/domain/bot/bot.go:47.2,47.10 1 1
swarmsim/domain/bot/bot.go:50.55,50.73 1 1
swarmsim/domain/bot/bot.go:51.55,51.75 1 1
swarmsim/domain/bot/bot.go:52.55,52.71 1 1
swarmsim/domain/bot/bot.go:53.55,53.71 1 1
swarmsim/domain/bot/bot.go:54.55,54.70 1 1
swarmsim/domain/bot/bot.go:55.55,55.73 1 1
swarmsim/domain/bot/bot.go:56.55,56.73 1 1
swarmsim/domain/bot/bot.go:57.55,57.74 1 1
swarmsim/domain/bot/bot.go:58.55,58.79 1 1
swarmsim/domain/bot/bot.go:59.55,59.77 1 1
swarmsim/domain/bot/bot.go:60.55,60.73 1 1
swarmsim/domain/bot/bot.go:61.55,61.77 1 1
swarmsim/domain/bot/bot.go:62.55,62.74 1 1
swarmsim/domain/bot/bot.go:63.55,63.75 1 1
swarmsim/domain/bot/bot.go:65.36,65.59 1 1
swarmsim/domain/bot/bot.go:67.60,69.18 2 1
swarmsim/domain/bot/bot.go:69.18,71.3 1 1
swarmsim/domain/bot/bot.go:74.50,76.28 2 1
swarmsim/domain/bot/bot.go:76.28,78.3 1 1
swarmsim/domain/bot/bot.go:81.38,83.2 1 1
swarmsim/domain/bot/bot.go:85.37,92.2 1 1
swarmsim/domain/bot/bot.go:94.34,101.2 6 1
swarmsim/domain/bot/bot.go:103.35,107.2 3 1
swarmsim/domain/bot/bot.go:109.33,112.2 2 1
swarmsim/domain/bot/bot.go:114.45,116.32 2 1
swarmsim/domain/bot/bot.go:116.32,118.3 1 1
swarmsim/domain/bot/bot.go:119.2,119.15 1 1
swarmsim/domain/bot/bot.go:123.49,124.20 1 1
swarmsim/domain/bot/bot.go:124.20,127.3 2 1
swarmsim/domain/bot/bot.go:128.2,129.24 2 1
swarmsim/domain/bot/bot.go:129.24,132.3 2 1
swarmsim/domain/bot/bot.go:133.2,134.26 2 1
swarmsim/domain/bot/bot.go:134.26,136.3 1 0
swarmsim/domain/bot/bot.go:137.2,139.19 3 1
swarmsim/domain/bot/bot.go:142.65,145.14 3 1
swarmsim/domain/bot/bot.go:145.14,147.3 1 1
swarmsim/domain/bot/bot.go:148.2,150.26 3 1
swarmsim/domain/bot/bot.go:150.26,152.3 1 1
swarmsim/domain/bot/bot.go:153.2,153.14 1 1
swarmsim/domain/bot/bot.go:156.42,158.15 2 1
swarmsim/domain/bot/bot.go:158.15,161.3 2 1
swarmsim/domain/bot/bot.go:164.40,166.20 2 1
swarmsim/domain/bot/bot.go:166.20,168.3 1 1
swarmsim/domain/bot/bot.go:171.35,171.75 1 1
swarmsim/domain/bot/bot.go:173.61,174.19 1 1
swarmsim/domain/bot/bot.go:174.19,176.3 1 1
swarmsim/domain/bot/bot.go:177.2,180.13 4 1
swarmsim/domain/bot/bot.go:183.59,185.28 2 1
swarmsim/domain/bot/bot.go:185.28,187.3 1 1
swarmsim/domain/bot/bot.go:188.2,189.16 2 1
swarmsim/domain/bot/bot.go:192.42,194.32 2 1
swarmsim/domain/bot/bot.go:194.32,196.3 1 1
swarmsim/domain/bot/bot.go:197.2,199.14 3 1
swarmsim/domain/bot/bot.go:203.130,204.35 1 0
swarmsim/domain/bot/bot.go:204.35,206.3 1 0
swarmsim/domain/bot/bot.go:207.2,208.27 2 0
swarmsim/domain/bot/bot.go:208.27,210.3 1 0
swarmsim/domain/bot/bot.go:211.2,212.48 2 0
swarmsim/domain/bot/bot.go:216.52,217.20 1 1
swarmsim/domain/bot/bot.go:217.20,219.3 1 1
swarmsim/domain/bot/bot.go:220.2,221.18 2 1
swarmsim/domain/bot/bot.go:221.18,223.3 1 0
swarmsim/domain/bot/bot.go:224.2,224.27 1 1
swarmsim/domain/bot/bot.go:228.48,231.2 2 1
swarmsim/domain/bot/bot.go:234.67,237.31 3 1
swarmsim/domain/bot/bot.go:237.31,238.50 1 1
swarmsim/domain/bot/bot.go:238.50,239.12 1 1
swarmsim/domain/bot/bot.go:241.3,242.31 2 1
swarmsim/domain/bot/bot.go:242.31,246.4 3 1
swarmsim/domain/bot/bot.go:248.2,248.15 1 1
swarmsim/domain/bot/bot.go:248.15,250.3 1 1
swarmsim/domain/bot/bot.go:251.2,251.14 1 1
swarmsim/domain/bot/bot.go:255.61,258.31 3 1
swarmsim/domain/bot/bot.go:258.31,259.50 1 1
swarmsim/domain/bot/bot.go:259.50,260.12 1 1
swarmsim/domain/bot/bot.go:262.3,262.54 1 1
swarmsim/domain/bot/bot.go:262.54,265.4 2 1
swarmsim/domain/bot/bot.go:267.2,267.16 1 1
swarmsim/domain/bot/bot.go:267.16,269.3 1 1
swarmsim/domain/bot/bot.go:270.2,271.54 2 1
swarmsim/domain/bot/bot.go:275.60,278.31 3 1
swarmsim/domain/bot/bot.go:278.31,279.50 1 1
swarmsim/domain/bot/bot.go:279.50,280.12 1 1
swarmsim/domain/bot/bot.go:282.3,282.54 1 1
swarmsim/domain/bot/bot.go:282.54,285.4 2 1
swarmsim/domain/bot/bot.go:287.2,287.16 1 1
swarmsim/domain/bot/bot.go:287.16,289.3 1 1
swarmsim/domain/bot/bot.go:290.2,291.49 2 1
swarmsim/domain/bot/bot_struct.go:27.34,28.11 1 1
swarmsim/domain/bot/bot_struct.go:29.17,30.17 1 1
swarmsim/domain/bot/bot_struct.go:31.18,32.18 1 1
swarmsim/domain/bot/bot_struct.go:33.18,34.18 1 1
swarmsim/domain/bot/bot_struct.go:35.16,36.16 1 1
swarmsim/domain/bot/bot_struct.go:37.18,38.18 1 1
swarmsim/domain/bot/bot_struct.go:40.2,40.18 1 1
swarmsim/domain/bot/bot_struct.go:63.35,64.11 1 1
swarmsim/domain/bot/bot_struct.go:65.17,66.16 1 1
swarmsim/domain/bot/bot_struct.go:67.21,68.20 1 1
swarmsim/domain/bot/bot_struct.go:69.21,70.20 1 1
swarmsim/domain/bot/bot_struct.go:71.22,72.21 1 1
swarmsim/domain/bot/bot_struct.go:73.22,74.21 1 1
swarmsim/domain/bot/bot_struct.go:75.22,76.21 1 1
swarmsim/domain/bot/bot_struct.go:77.20,78.19 1 1
swarmsim/domain/bot/bot_struct.go:79.21,80.20 1 1
swarmsim/domain/bot/bot_struct.go:81.21,82.21 1 1
swarmsim/domain/bot/bot_struct.go:83.24,84.23 1 1
swarmsim/domain/bot/bot_struct.go:85.20,86.19 1 1
swarmsim/domain/bot/bot_struct.go:87.24,88.24 1 1
swarmsim/domain/bot/bot_struct.go:89.24,90.24 1 1
swarmsim/domain/bot/bot_struct.go:91.25,92.24 1 1
swarmsim/domain/bot/bot_struct.go:94.2,94.18 1 1
swarmsim/domain/bot/flocking.go:14.45,23.2 1 1
swarmsim/domain/bot/flocking.go:26.74,34.2 4 1
swarmsim/domain/bot/flocking.go:36.67,39.31 3 1
swarmsim/domain/bot/flocking.go:39.31,40.50 1 1
swarmsim/domain/bot/flocking.go:40.50,41.12 1 1
swarmsim/domain/bot/flocking.go:43.3,44.24 2 1
swarmsim/domain/bot/flocking.go:44.24,48.4 3 1
swarmsim/domain/bot/flocking.go:50.2,50.15 1 1
swarmsim/domain/bot/flocking.go:50.15,52.3 1 1
swarmsim/domain/bot/flocking.go:53.2,53.14 1 1
swarmsim/domain/bot/flocking.go:56.66,59.31 3 1
swarmsim/domain/bot/flocking.go:59.31,60.50 1 1
swarmsim/domain/bot/flocking.go:60.50,61.12 1 1
swarmsim/domain/bot/flocking.go:63.3,63.52 1 1
swarmsim/domain/bot/flocking.go:63.52,66.4 2 1
swarmsim/domain/bot/flocking.go:68.2,68.16 1 1
swarmsim/domain/bot/flocking.go:68.16,70.3 1 0
swarmsim/domain/bot/flocking.go:71.2,72.25 2 1
swarmsim/domain/bot/flocking.go:75.65,78.31 3 1
swarmsim/domain/bot/flocking.go:78.31,79.50 1 1
swarmsim/domain/bot/flocking.go:79.50,80.12 1 1
swarmsim/domain/bot/flocking.go:82.3,82.52 1 1
swarmsim/domain/bot/flocking.go:82.52,85.4 2 1
swarmsim/domain/bot/flocking.go:87.2,87.16 1 1
swarmsim/domain/bot/flocking.go:87.16,89.3 1 0
swarmsim/domain/bot/flocking.go:90.2,91.49 2 1
swarmsim/domain/bot/foraging.go:6.78,9.24 3 1
swarmsim/domain/bot/foraging.go:9.24,10.23 1 1
swarmsim/domain/bot/foraging.go:10.23,11.12 1 1
swarmsim/domain/bot/foraging.go:13.3,14.18 2 1
swarmsim/domain/bot/foraging.go:14.18,17.4 2 1
swarmsim/domain/bot/foraging.go:19.2,19.16 1 1
swarmsim/domain/bot/foraging.go:23.58,25.2 1 1
swarmsim/domain/bot/formation.go:16.115,17.15 1 1
swarmsim/domain/bot/formation.go:18.23,21.68 3 1
swarmsim/domain/bot/formation.go:22.21,26.46 4 1
swarmsim/domain/bot/formation.go:27.18,29.18 2 1
swarmsim/domain/bot/formation.go:29.18,31.4 1 0
swarmsim/domain/bot/formation.go:32.3,37.42 6 1
swarmsim/domain/bot/formation.go:39.2,39.15 1 1
swarmsim/domain/bot/formation.go:43.61,46.2 2 1
swarmsim/domain/bot/healer.go:16.46,21.2 1 0
swarmsim/domain/bot/healer.go:23.37,23.57 1 0
swarmsim/domain/bot/healer.go:25.60,26.14 1 0
swarmsim/domain/bot/healer.go:26.14,28.3 1 0
swarmsim/domain/bot/healer.go:30.2,30.20 1 0
swarmsim/domain/bot/healer.go:30.20,35.3 4 0
swarmsim/domain/bot/healer.go:37.2,40.40 2 0
swarmsim/domain/bot/healer.go:40.40,42.3 1 0
swarmsim/domain/bot/healer.go:45.2,45.31 1 0
swarmsim/domain/bot/healer.go:45.31,53.3 7 0
swarmsim/domain/bot/healer.go:56.2,58.31 3 0
swarmsim/domain/bot/healer.go:58.31,59.40 1 0
swarmsim/domain/bot/healer.go:59.40,60.12 1 0
swarmsim/domain/bot/healer.go:62.3,66.20 4 0
swarmsim/domain/bot/healer.go:66.20,68.4 1 0
swarmsim/domain/bot/healer.go:69.3,69.19 1 0
swarmsim/domain/bot/healer.go:69.19,71.4 1 0
swarmsim/domain/bot/healer.go:72.3,73.30 2 0
swarmsim/domain/bot/healer.go:73.30,76.4 2 0
swarmsim/domain/bot/healer.go:80.2,81.32 2 0
swarmsim/domain/bot/healer.go:81.32,82.37 1 0
swarmsim/domain/bot/healer.go:82.37,85.4 2 0
swarmsim/domain/bot/healer.go:88.2,88.23 1 0
swarmsim/domain/bot/healer.go:88.23,91.16 3 0
swarmsim/domain/bot/healer.go:91.16,94.28 2 0
swarmsim/domain/bot/healer.go:94.28,97.5 2 0
swarmsim/domain/bot/healer.go:99.4,99.39 1 0
swarmsim/domain/bot/healer.go:99.39,102.5 2 0
swarmsim/domain/bot/healer.go:103.9,106.4 2 0
swarmsim/domain/bot/healer.go:107.3,110.16 4 0
swarmsim/domain/bot/healer.go:113.2,113.20 1 0
swarmsim/domain/bot/healer.go:113.20,120.3 6 0
swarmsim/domain/bot/healer.go:123.2,130.61 6 0
swarmsim/domain/bot/healer.go:130.61,133.3 2 0
swarmsim/domain/bot/healer.go:135.2,141.15 7 0
swarmsim/domain/bot/leader.go:18.46,24.2 1 0
swarmsim/domain/bot/leader.go:26.37,26.57 1 0
swarmsim/domain/bot/leader.go:28.60,29.14 1 0
swarmsim/domain/bot/leader.go:29.14,31.3 1 0
swarmsim/domain/bot/leader.go:33.2,33.20 1 0
swarmsim/domain/bot/leader.go:33.20,38.3 4 0
swarmsim/domain/bot/leader.go:40.2,44.40 3 0
swarmsim/domain/bot/leader.go:44.40,46.3 1 0
swarmsim/domain/bot/leader.go:49.2,49.31 1 0
swarmsim/domain/bot/leader.go:49.31,57.3 7 0
swarmsim/domain/bot/leader.go:60.2,60.35 1 0
swarmsim/domain/bot/leader.go:60.35,61.33 1 0
swarmsim/domain/bot/leader.go:61.33,62.41 1 0
swarmsim/domain/bot/leader.go:62.41,66.5 3 0
swarmsim/domain/bot/leader.go:70.3,70.28 1 0
swarmsim/domain/bot/leader.go:70.28,73.4 2 0
swarmsim/domain/bot/leader.go:76.3,76.35 1 0
swarmsim/domain/bot/leader.go:76.35,77.23 1 0
swarmsim/domain/bot/leader.go:77.23,81.5 3 0
swarmsim/domain/bot/leader.go:85.3,85.28 1 0
swarmsim/domain/bot/leader.go:85.28,87.33 2 0
swarmsim/domain/bot/leader.go:87.33,88.67 1 0
swarmsim/domain/bot/leader.go:88.67,92.19 4 0
swarmsim/domain/bot/leader.go:92.19,93.12 1 0
swarmsim/domain/bot/leader.go:100.2,105.31 4 0
swarmsim/domain/bot/leader.go:105.31,106.44 1 0
swarmsim/domain/bot/leader.go:106.44,109.4 2 0
swarmsim/domain/bot/leader.go:112.2,112.21 1 0
swarmsim/domain/bot/leader.go:112.21,117.3 4 0
swarmsim/domain/bot/leader.go:117.8,123.3 5 0
swarmsim/domain/bot/leader.go:125.2,126.15 2 0
swarmsim/domain/bot/scout.go:16.44,21.2 1 1
swarmsim/domain/bot/scout.go:23.36,23.56 1 1
swarmsim/domain/bot/scout.go:25.59,26.14 1 0
swarmsim/domain/bot/scout.go:26.14,28.3 1 0
swarmsim/domain/bot/scout.go:30.2,30.20 1 0
swarmsim/domain/bot/scout.go:30.20,35.3 4 0
swarmsim/domain/bot/scout.go:37.2,40.35 2 0
swarmsim/domain/bot/scout.go:40.35,41.35 1 0
swarmsim/domain/bot/scout.go:41.35,42.23 1 0
swarmsim/domain/bot/scout.go:42.23,46.5 3 0
swarmsim/domain/bot/scout.go:51.2,51.40 1 0
swarmsim/domain/bot/scout.go:51.40,53.3 1 0
swarmsim/domain/bot/scout.go:55.2,55.15 1 0
swarmsim/domain/bot/scout.go:55.15,57.3 1 0
swarmsim/domain/bot/scout.go:60.2,60.31 1 0
swarmsim/domain/bot/scout.go:60.31,68.3 7 0
swarmsim/domain/bot/scout.go:70.2,73.27 2 0
swarmsim/domain/bot/scout.go:73.27,75.3 1 0
swarmsim/domain/bot/scout.go:78.2,83.27 5 0
swarmsim/domain/bot/scout.go:83.27,92.3 5 0
swarmsim/domain/bot/scout.go:94.2,99.15 5 0
swarmsim/domain/bot/tank.go:17.42,24.2 3 0
swarmsim/domain/bot/tank.go:26.35,26.55 1 0
swarmsim/domain/bot/tank.go:28.58,29.14 1 0
swarmsim/domain/bot/tank.go:29.14,31.3 1 0
swarmsim/domain/bot/tank.go:33.2,33.20 1 0
swarmsim/domain/bot/tank.go:33.20,38.3 4 0
swarmsim/domain/bot/tank.go:40.2,43.40 2 0
swarmsim/domain/bot/tank.go:43.40,45.3 1 0
swarmsim/domain/bot/tank.go:48.2,48.31 1 0
swarmsim/domain/bot/tank.go:48.31,56.3 7 0
swarmsim/domain/bot/tank.go:59.2,60.32 2 0
swarmsim/domain/bot/tank.go:60.32,61.71 1 0
swarmsim/domain/bot/tank.go:61.71,64.4 2 0
swarmsim/domain/bot/tank.go:65.3,65.66 1 0
swarmsim/domain/bot/tank.go:65.66,69.4 3 0
swarmsim/domain/bot/tank.go:72.2,72.23 1 0
swarmsim/domain/bot/tank.go:72.23,79.3 6 0
swarmsim/domain/bot/tank.go:82.2,89.27 6 0
swarmsim/domain/bot/tank.go:89.27,92.3 2 0
swarmsim/domain/bot/tank.go:94.2,99.15 6 0
swarmsim/domain/bot/worker.go:17.46,22.2 1 1
swarmsim/domain/bot/worker.go:24.37,24.57 1 0
swarmsim/domain/bot/worker.go:26.60,27.14 1 0
swarmsim/domain/bot/worker.go:27.14,29.3 1 0
swarmsim/domain/bot/worker.go:31.2,31.20 1 0
swarmsim/domain/bot/worker.go:31.20,36.3 4 0
swarmsim/domain/bot/worker.go:38.2,41.35 2 0
swarmsim/domain/bot/worker.go:41.35,42.33 1 0
swarmsim/domain/bot/worker.go:42.33,43.83 1 0
swarmsim/domain/bot/worker.go:43.83,46.47 2 0
swarmsim/domain/bot/worker.go:46.47,47.40 1 0
swarmsim/domain/bot/worker.go:47.40,51.7 3 0
swarmsim/domain/bot/worker.go:52.11,56.6 3 0
swarmsim/domain/bot/worker.go:62.2,62.40 1 0
swarmsim/domain/bot/worker.go:62.40,64.3 1 0
swarmsim/domain/bot/worker.go:66.2,69.56 2 0
swarmsim/domain/bot/worker.go:69.56,76.3 6 0
swarmsim/domain/bot/worker.go:79.2,79.119 1 0
swarmsim/domain/bot/worker.go:79.119,86.28 5 0
swarmsim/domain/bot/worker.go:86.28,88.4 1 0
swarmsim/domain/bot/worker.go:90.3,92.28 2 0
swarmsim/domain/bot/worker.go:92.28,95.4 2 0
swarmsim/domain/bot/worker.go:96.3,96.16 1 0
swarmsim/domain/bot/worker.go:100.2,100.34 1 0
swarmsim/domain/bot/worker.go:100.34,101.38 1 0
swarmsim/domain/bot/worker.go:101.38,104.17 3 0
swarmsim/domain/bot/worker.go:104.17,105.16 1 0
swarmsim/domain/bot/worker.go:105.16,112.39 5 0
swarmsim/domain/bot/worker.go:112.39,115.7 2 0
swarmsim/domain/bot/worker.go:116.6,116.19 1 0
swarmsim/domain/bot/worker.go:118.5,120.18 3 0
swarmsim/domain/bot/worker.go:122.4,127.17 6 0
swarmsim/domain/bot/worker.go:132.2,132.35 1 0
swarmsim/domain/bot/worker.go:132.35,133.35 1 0
swarmsim/domain/bot/worker.go:133.35,134.34 1 0
swarmsim/domain/bot/worker.go:134.34,137.5 2 0
swarmsim/domain/bot/worker.go:142.2,142.31 1 0
swarmsim/domain/bot/worker.go:142.31,145.30 3 0
swarmsim/domain/bot/worker.go:145.30,147.4 1 0
swarmsim/domain/bot/worker.go:147.9,153.4 5 0
swarmsim/domain/bot/worker.go:157.2,157.61 1 0
swarmsim/domain/bot/worker.go:157.61,160.30 3 0
swarmsim/domain/bot/worker.go:160.30,172.4 8 0
swarmsim/domain/bot/worker.go:176.2,187.15 12 0
swarmsim/domain/physics/physics.go:9.51,14.2 1 1
swarmsim/domain/physics/physics.go:17.49,19.2 1 1
swarmsim/domain/physics/physics.go:22.58,24.25 2 1
swarmsim/domain/physics/physics.go:24.25,25.45 1 1
swarmsim/domain/physics/physics.go:25.45,33.55 8 1
swarmsim/domain/physics/physics.go:33.55,35.10 2 1
swarmsim/domain/physics/physics.go:42.49,46.2 3 1
swarmsim/domain/physics/physics.go:49.41,50.13 1 1
swarmsim/domain/physics/physics.go:50.13,52.3 1 1
swarmsim/domain/physics/physics.go:53.2,53.13 1 1
swarmsim/domain/physics/physics.go:53.13,55.3 1 1
swarmsim/domain/physics/physics.go:56.2,56.10 1 1
swarmsim/domain/physics/physics.go:60.83,65.2 4 1
swarmsim/domain/physics/physics.go:68.87,69.41 1 1
swarmsim/domain/physics/physics.go:69.41,71.3 1 1
swarmsim/domain/physics/physics.go:72.2,72.41 1 1
swarmsim/domain/physics/physics.go:72.41,74.3 1 1
swarmsim/domain/physics/physics.go:75.2,75.15 1 1
swarmsim/domain/physics/physics.go:79.87,86.2 6 1
swarmsim/domain/physics/physics.go:89.86,95.15 6 1
swarmsim/domain/physics/physics.go:95.15,102.21 7 1
swarmsim/domain/physics/physics.go:102.21,105.4 2 0
swarmsim/domain/physics/physics.go:106.3,106.19 1 1
swarmsim/domain/physics/physics.go:106.19,109.4 2 0
swarmsim/domain/physics/physics.go:110.3,110.22 1 1
swarmsim/domain/physics/physics.go:110.22,112.4 1 0
swarmsim/domain/physics/physics.go:113.3,114.46 2 1
swarmsim/domain/physics/physics.go:116.2,116.15 1 1
swarmsim/domain/physics/physics.go:116.15,121.3 4 1
swarmsim/domain/physics/physics.go:122.2,122.15 1 1
swarmsim/domain/physics/physics.go:126.68,135.2 3 1
swarmsim/domain/physics/physics.go:138.31,139.25 1 1
swarmsim/domain/physics/physics.go:139.25,141.3 1 1
swarmsim/domain/physics/physics.go:145.52,148.2 2 1
swarmsim/domain/physics/physics.go:151.57,156.15 5 1
swarmsim/domain/physics/physics.go:156.15,158.3 1 1
swarmsim/domain/physics/physics.go:159.2,159.15 1 1
swarmsim/domain/physics/physics.go:159.15,161.3 1 1
swarmsim/domain/physics/physics.go:162.2,162.21 1 1
swarmsim/domain/physics/physics.go:162.21,164.3 1 0
swarmsim/domain/physics/physics.go:165.2,165.21 1 1
swarmsim/domain/physics/physics.go:165.21,167.3 1 0
swarmsim/domain/physics/physics.go:168.2,169.37 2 1
swarmsim/domain/physics/physics.go:169.37,170.38 1 1
swarmsim/domain/physics/physics.go:170.38,173.4 2 1
swarmsim/domain/physics/physics.go:175.2,175.15 1 1
swarmsim/domain/physics/physics.go:178.51,181.12 3 1
swarmsim/domain/physics/physics.go:181.12,183.3 1 0
swarmsim/domain/physics/physics.go:184.2,184.12 1 1
swarmsim/domain/physics/physics.go:184.12,186.3 1 0
swarmsim/domain/physics/physics.go:187.2,187.18 1 1
swarmsim/domain/physics/physics.go:187.18,189.3 1 0
swarmsim/domain/physics/physics.go:190.2,190.18 1 1
swarmsim/domain/physics/physics.go:190.18,192.3 1 0
swarmsim/domain/physics/physics.go:193.2,193.23 1 1
swarmsim/domain/physics/physics.go:197.47,201.2 3 1
swarmsim/domain/physics/physics.go:204.51,206.12 2 1
swarmsim/domain/physics/physics.go:206.12,208.3 1 1
swarmsim/domain/physics/physics.go:209.2,209.23 1 1
swarmsim/domain/swarm/delivery.go:4.43,6.30 1 1
swarmsim/domain/swarm/delivery.go:6.30,8.24 2 1
swarmsim/domain/swarm/delivery.go:8.24,10.4 1 1
swarmsim/domain/swarm/delivery.go:11.3,11.56 1 1
swarmsim/domain/swarm/delivery.go:11.56,13.25 2 1
swarmsim/domain/swarm/delivery.go:13.25,23.5 2 1
swarmsim/domain/swarm/delivery.go:28.2,29.32 2 1
swarmsim/domain/swarm/delivery.go:29.32,32.34 3 1
swarmsim/domain/swarm/delivery.go:32.34,35.4 2 1
swarmsim/domain/swarm/delivery.go:37.2,40.25 2 1
swarmsim/domain/swarm/delivery.go:40.25,42.65 2 1
swarmsim/domain/swarm/delivery.go:42.65,47.21 4 1
swarmsim/domain/swarm/delivery.go:47.21,49.5 1 1
swarmsim/domain/swarm/swarm.go:13.62,49.16 7 1
swarmsim/domain/swarm/swarm.go:49.16,52.3 2 1
swarmsim/domain/swarm/swarm.go:54.2,54.11 1 1
swarmsim/domain/swarm/swarm.go:58.44,61.25 3 1
swarmsim/domain/swarm/swarm.go:61.25,82.3 3 1
swarmsim/domain/swarm/swarm.go:83.2,83.21 1 1
swarmsim/domain/swarm/swarm.go:87.46,88.26 1 1
swarmsim/domain/swarm/swarm.go:88.26,90.3 1 1
swarmsim/domain/swarm/swarm.go:91.2,91.26 1 1
swarmsim/domain/swarm/swarm.go:91.26,93.3 1 1
swarmsim/domain/swarm/swarm.go:94.2,98.23 5 1
swarmsim/domain/swarm/swarm.go:102.35,104.25 2 1
swarmsim/domain/swarm/swarm.go:104.25,139.3 34 1
swarmsim/domain/swarm/swarm.go:140.2,144.19 4 1
swarmsim/domain/swarm/swarm.go:144.19,146.3 1 0
swarmsim/domain/swarm/swarm.go:150.47,153.29 3 0
swarmsim/domain/swarm/swarm.go:153.29,154.30 1 0
swarmsim/domain/swarm/swarm.go:154.30,166.4 5 0
swarmsim/domain/swarm/swarm.go:173.45,177.29 4 1
swarmsim/domain/swarm/swarm.go:177.29,183.3 5 1
swarmsim/domain/swarm/swarm.go:187.40,201.23 9 1
swarmsim/domain/swarm/swarm.go:201.23,203.27 2 1
swarmsim/domain/swarm/swarm.go:203.27,205.4 1 1
swarmsim/domain/swarm/swarm.go:208.2,215.21 6 1
swarmsim/domain/swarm/swarm.go:215.21,218.28 3 1
swarmsim/domain/swarm/swarm.go:218.28,220.86 2 1
swarmsim/domain/swarm/swarm.go:220.86,222.5 1 1
swarmsim/domain/swarm/swarm.go:224.3,224.21 1 1
swarmsim/domain/swarm/swarm.go:224.21,226.12 2 1
swarmsim/domain/swarm/swarm.go:228.3,233.37 6 1
swarmsim/domain/swarm/swarm.go:237.2,237.32 1 1
swarmsim/domain/swarm/swarm.go:237.32,238.33 1 1
swarmsim/domain/swarm/swarm.go:238.33,242.46 3 1
swarmsim/domain/swarm/swarm.go:242.46,246.5 1 1
swarmsim/domain/swarm/swarm.go:248.4,248.46 1 1
swarmsim/domain/swarm/swarm.go:248.46,252.5 1 1
swarmsim/domain/swarm/swarm.go:257.2,260.116 4 1
swarmsim/domain/swarm/swarm.go:265.47,275.35 7 1
swarmsim/domain/swarm/swarm.go:275.35,276.41 1 1
swarmsim/domain/swarm/swarm.go:276.41,278.62 1 0
swarmsim/domain/swarm/swarm.go:278.62,280.5 1 0
swarmsim/domain/swarm/swarm.go:282.3,282.14 1 1
swarmsim/domain/swarm/swarm.go:286.2,286.47 1 1
swarmsim/domain/swarm/swarm.go:286.47,290.3 3 1
swarmsim/domain/swarm/swarm.go:293.2,294.27 2 1
swarmsim/domain/swarm/swarm.go:294.27,295.49 1 1
swarmsim/domain/swarm/swarm.go:295.49,298.20 3 1
swarmsim/domain/swarm/swarm.go:298.20,299.13 1 0
swarmsim/domain/swarm/swarm.go:302.4,303.30 2 1
swarmsim/domain/swarm/swarm.go:303.30,304.35 1 1
swarmsim/domain/swarm/swarm.go:304.35,306.11 2 0
swarmsim/domain/swarm/swarm.go:309.4,309.16 1 1
swarmsim/domain/swarm/swarm.go:309.16,310.13 1 0
swarmsim/domain/swarm/swarm.go:312.4,315.9 2 1
swarmsim/domain/swarm/swarm.go:320.2,321.27 2 1
swarmsim/domain/swarm/swarm.go:321.27,324.29 2 1
swarmsim/domain/swarm/swarm.go:324.29,325.20 1 1
swarmsim/domain/swarm/swarm.go:325.20,327.10 2 1
swarmsim/domain/swarm/swarm.go:330.3,330.49 1 1
swarmsim/domain/swarm/swarm.go:330.49,333.20 3 1
swarmsim/domain/swarm/swarm.go:333.20,334.13 1 0
swarmsim/domain/swarm/swarm.go:336.4,336.42 1 1
swarmsim/domain/swarm/swarm.go:336.42,337.13 1 1
swarmsim/domain/swarm/swarm.go:340.4,341.30 2 1
swarmsim/domain/swarm/swarm.go:341.30,342.34 1 1
swarmsim/domain/swarm/swarm.go:342.34,344.11 2 0
swarmsim/domain/swarm/swarm.go:347.4,347.31 1 1
swarmsim/domain/swarm/swarm.go:347.31,348.34 1 1
swarmsim/domain/swarm/swarm.go:348.34,350.11 2 0
swarmsim/domain/swarm/swarm.go:353.4,353.16 1 1
swarmsim/domain/swarm/swarm.go:353.16,354.13 1 0
swarmsim/domain/swarm/swarm.go:356.4,359.9 2 1
swarmsim/domain/swarm/swarm.go:363.2,366.33 2 1
swarmsim/domain/swarm/swarm.go:366.33,367.35 1 1
swarmsim/domain/swarm/swarm.go:367.35,376.4 2 1
swarmsim/domain/swarm/swarm.go:381.38,382.11 1 1
swarmsim/domain/swarm/swarm.go:383.9,384.15 1 1
swarmsim/domain/swarm/swarm.go:385.9,386.16 1 1
swarmsim/domain/swarm/swarm.go:387.9,388.18 1 1
swarmsim/domain/swarm/swarm.go:389.9,390.17 1 1
swarmsim/domain/swarm/swarm.go:392.2,392.12 1 1
swarmsim/domain/swarm/swarm.go:396.79,399.17 3 1
swarmsim/domain/swarm/swarm.go:399.17,400.23 1 1
swarmsim/domain/swarm/swarm.go:400.23,402.4 1 1
swarmsim/domain/swarm/swarm.go:402.9,402.31 1 1
swarmsim/domain/swarm/swarm.go:402.31,404.4 1 1
swarmsim/domain/swarm/swarm.go:405.3,405.23 1 1
swarmsim/domain/swarm/swarm.go:405.23,407.4 1 0
swarmsim/domain/swarm/swarm.go:407.9,407.31 1 1
swarmsim/domain/swarm/swarm.go:407.31,409.4 1 0
swarmsim/domain/swarm/swarm.go:411.2,411.15 1 1
swarmsim/domain/swarm/swarm_struct.go:221.58,226.2 4 1
swarmsim/domain/resource/resource.go:15.57,17.2 1 1
swarmsim/domain/resource/resource.go:20.62,22.2 1 1
swarmsim/domain/resource/resource.go:25.38,28.2 2 1
swarmsim/domain/resource/resource.go:31.39,36.2 4 1
swarmsim/domain/resource/resource.go:39.30,42.2 2 1
swarmsim/domain/resource/resource.go:45.39,47.2 1 1
swarmsim/domain/resource/resource.go:50.39,52.2 1 1
swarmsim/domain/comm/comm.go:6.59,8.2 1 1
swarmsim/domain/comm/comm.go:11.56,13.2 1 1
swarmsim/domain/comm/comm.go:16.78,18.2 1 1
swarmsim/domain/comm/comm.go:21.52,23.2 1 1
swarmsim/domain/comm/comm.go:26.55,28.2 1 1
swarmsim/domain/comm/comm.go:31.64,33.2 1 1
swarmsim/domain/comm/comm.go:36.69,38.2 1 1
swarmsim/domain/comm/comm.go:41.69,43.2 1 1
swarmsim/domain/comm/comm.go:46.59,48.2 1 1
swarmsim/domain/comm/comm.go:51.67,53.2 1 1
swarmsim/domain/comm/comm.go:61.28,63.2 1 1
swarmsim/domain/comm/comm.go:66.74,70.2 1 1
swarmsim/domain/comm/comm.go:73.53,75.30 2 1
swarmsim/domain/comm/comm.go:75.30,79.26 4 1
swarmsim/domain/comm/comm.go:79.26,81.4 1 1
swarmsim/domain/comm/comm.go:83.2,83.15 1 1
swarmsim/domain/comm/comm.go:87.30,89.30 2 1
swarmsim/domain/comm/comm.go:89.30,91.20 2 1
swarmsim/domain/comm/comm.go:91.20,93.4 1 1
swarmsim/domain/comm/comm.go:95.2,96.23 2 1
swarmsim/domain/comm/comm.go:100.27,102.2 1 1
swarmsim/domain/comm/comm.go:105.37,107.2 1 1
swarmsim/domain/comm/comm.go:110.50,114.2 3 1
swarmsim/domain/comm/comm.go:117.74,119.2 1 1
swarmsim/domain/genetics/genetics.go:9.29,19.2 1 1
swarmsim/domain/genetics/genetics.go:22.45,33.2 2 1
swarmsim/domain/genetics/genetics.go:36.52,37.39 1 1
swarmsim/domain/genetics/genetics.go:37.39,38.26 1 1
swarmsim/domain/genetics/genetics.go:38.26,40.4 1 1
swarmsim/domain/genetics/genetics.go:41.3,41.12 1 1
swarmsim/domain/genetics/genetics.go:43.2,51.3 1 1
swarmsim/domain/genetics/genetics.go:55.61,56.34 1 1
swarmsim/domain/genetics/genetics.go:56.34,57.27 1 1
swarmsim/domain/genetics/genetics.go:57.27,59.4 1 1
swarmsim/domain/genetics/genetics.go:60.3,60.11 1 1
swarmsim/domain/genetics/genetics.go:62.2,68.54 7 1
swarmsim/domain/genetics/genetics.go:71.33,73.2 1 1
swarmsim/domain/genetics/genetics.go:76.44,78.2 1 1
swarmsim/domain/genetics/genetics_struct.go:15.31,17.2 1 1
swarmsim/domain/genetics/genetics_struct.go:20.38,30.2 1 1
