mode: set
swarmsim/engine/swarmscript/parser.go:11.61,15.38 3 1
swarmsim/engine/swarmscript/parser.go:15.38,20.49 3 1
swarmsim/engine/swarmscript/parser.go:20.49,21.12 1 1
swarmsim/engine/swarmscript/parser.go:24.3,25.17 2 1
swarmsim/engine/swarmscript/parser.go:25.17,27.4 1 1
swarmsim/engine/swarmscript/parser.go:28.3,28.40 1 1
swarmsim/engine/swarmscript/parser.go:31.2,31.26 1 1
swarmsim/engine/swarmscript/parser.go:31.26,33.3 1 1
swarmsim/engine/swarmscript/parser.go:35.2,35.18 1 1
swarmsim/engine/swarmscript/parser.go:39.55,43.38 2 1
swarmsim/engine/swarmscript/parser.go:43.38,45.3 1 1
swarmsim/engine/swarmscript/parser.go:48.2,49.17 2 1
swarmsim/engine/swarmscript/parser.go:49.17,51.3 1 1
swarmsim/engine/swarmscript/parser.go:53.2,53.17 1 1
swarmsim/engine/swarmscript/parser.go:53.17,55.3 1 1
swarmsim/engine/swarmscript/parser.go:57.2,60.20 3 1
swarmsim/engine/swarmscript/parser.go:60.20,62.3 1 0
swarmsim/engine/swarmscript/parser.go:63.2,63.19 1 1
swarmsim/engine/swarmscript/parser.go:63.19,65.3 1 1
swarmsim/engine/swarmscript/parser.go:68.2,69.16 2 1
swarmsim/engine/swarmscript/parser.go:69.16,71.3 1 1
swarmsim/engine/swarmscript/parser.go:74.2,75.16 2 1
swarmsim/engine/swarmscript/parser.go:75.16,77.3 1 1
swarmsim/engine/swarmscript/parser.go:79.2,83.8 1 1
swarmsim/engine/swarmscript/parser.go:87.71,92.29 3 1
swarmsim/engine/swarmscript/parser.go:92.29,94.17 2 1
swarmsim/engine/swarmscript/parser.go:94.17,95.12 1 0
swarmsim/engine/swarmscript/parser.go:98.3,99.17 2 1
swarmsim/engine/swarmscript/parser.go:99.17,101.4 1 1
swarmsim/engine/swarmscript/parser.go:102.3,102.40 1 1
swarmsim/engine/swarmscript/parser.go:105.2,105.26 1 1
swarmsim/engine/swarmscript/parser.go:105.26,107.3 1 0
swarmsim/engine/swarmscript/parser.go:109.2,109.24 1 1
swarmsim/engine/swarmscript/parser.go:113.36,116.6 3 1
swarmsim/engine/swarmscript/parser.go:116.6,118.14 2 1
swarmsim/engine/swarmscript/parser.go:118.14,120.9 2 1
swarmsim/engine/swarmscript/parser.go:122.3,124.24 3 1
swarmsim/engine/swarmscript/parser.go:126.2,126.14 1 1
swarmsim/engine/swarmscript/parser.go:130.68,134.34 2 1
swarmsim/engine/swarmscript/parser.go:134.34,136.3 1 1
swarmsim/engine/swarmscript/parser.go:139.2,140.21 2 1
swarmsim/engine/swarmscript/parser.go:140.21,142.3 1 1
swarmsim/engine/swarmscript/parser.go:144.2,150.9 5 1
swarmsim/engine/swarmscript/parser.go:150.9,152.3 1 1
swarmsim/engine/swarmscript/parser.go:155.2,156.15 2 1
swarmsim/engine/swarmscript/parser.go:157.11,158.12 1 1
swarmsim/engine/swarmscript/parser.go:159.11,160.12 1 1
swarmsim/engine/swarmscript/parser.go:161.17,162.12 1 1
swarmsim/engine/swarmscript/parser.go:163.10,164.100 1 1
swarmsim/engine/swarmscript/parser.go:168.2,169.16 2 1
swarmsim/engine/swarmscript/parser.go:169.16,171.42 1 1
swarmsim/engine/swarmscript/parser.go:171.42,173.4 1 1
swarmsim/engine/swarmscript/parser.go:173.9,173.50 1 1
swarmsim/engine/swarmscript/parser.go:173.50,175.4 1 1
swarmsim/engine/swarmscript/parser.go:175.9,177.4 1 1
swarmsim/engine/swarmscript/parser.go:180.2,180.59 1 1
swarmsim/engine/swarmscript/parser.go:184.56,186.22 2 1
swarmsim/engine/swarmscript/parser.go:186.22,188.3 1 0
swarmsim/engine/swarmscript/parser.go:190.2,195.21 4 1
swarmsim/engine/swarmscript/parser.go:195.21,197.40 2 1
swarmsim/engine/swarmscript/parser.go:197.40,200.4 2 1
swarmsim/engine/swarmscript/parser.go:203.2,204.9 2 1
swarmsim/engine/swarmscript/parser.go:204.9,206.3 1 1
swarmsim/engine/swarmscript/parser.go:208.2,209.35 2 1
swarmsim/engine/swarmscript/parser.go:209.35,211.3 1 1
swarmsim/engine/swarmscript/parser.go:213.2,215.26 2 1
swarmsim/engine/swarmscript/parser.go:215.26,217.17 2 1
swarmsim/engine/swarmscript/parser.go:217.17,219.4 1 1
swarmsim/engine/swarmscript/parser.go:220.3,220.19 1 1
swarmsim/engine/swarmscript/parser.go:222.2,222.26 1 1
swarmsim/engine/swarmscript/parser.go:222.26,224.17 2 1
swarmsim/engine/swarmscript/parser.go:224.17,226.4 1 0
swarmsim/engine/swarmscript/parser.go:227.3,227.19 1 1
swarmsim/engine/swarmscript/parser.go:229.2,229.26 1 1
swarmsim/engine/swarmscript/parser.go:229.26,231.17 2 1
swarmsim/engine/swarmscript/parser.go:231.17,233.4 1 0
swarmsim/engine/swarmscript/parser.go:234.3,234.19 1 1
swarmsim/engine/swarmscript/parser.go:237.2,237.17 1 1
swarmsim/engine/swarmscript/tokenizer.go:6.45,10.37 2 1
swarmsim/engine/swarmscript/tokenizer.go:10.37,12.3 1 1
swarmsim/engine/swarmscript/tokenizer.go:14.2,18.27 4 1
swarmsim/engine/swarmscript/tokenizer.go:18.27,22.10 3 1
swarmsim/engine/swarmscript/tokenizer.go:23.33,24.24 1 1
swarmsim/engine/swarmscript/tokenizer.go:25.54,26.26 1 1
swarmsim/engine/swarmscript/tokenizer.go:27.32,28.23 1 1
swarmsim/engine/swarmscript/tokenizer.go:29.78,30.25 1 1
swarmsim/engine/swarmscript/tokenizer.go:31.27,32.23 1 1
swarmsim/engine/swarmscript/tokenizer.go:33.11,34.21 1 0
swarmsim/engine/swarmscript/tokenizer.go:37.3,41.5 1 1
swarmsim/engine/swarmscript/tokenizer.go:43.2,45.15 2 1
swarmsim/engine/swarmscript/tokenizer.go:49.51,52.20 3 1
swarmsim/engine/swarmscript/tokenizer.go:52.20,54.40 1 1
swarmsim/engine/swarmscript/tokenizer.go:54.40,56.12 2 1
swarmsim/engine/swarmscript/tokenizer.go:59.3,60.58 2 1
swarmsim/engine/swarmscript/tokenizer.go:60.58,62.4 1 1
swarmsim/engine/swarmscript/tokenizer.go:63.3,63.68 1 1
swarmsim/engine/swarmscript/tokenizer.go:65.2,65.15 1 1
swarmsim/engine/swarmscript/tokenizer.go:69.31,70.13 1 1
swarmsim/engine/swarmscript/tokenizer.go:70.13,72.3 1 1
swarmsim/engine/swarmscript/tokenizer.go:73.2,74.32 2 1
swarmsim/engine/swarmscript/tokenizer.go:74.32,76.3 1 1
swarmsim/engine/swarmscript/tokenizer.go:77.2,77.21 1 1
swarmsim/engine/swarmscript/tokenizer.go:77.21,79.3 1 1
swarmsim/engine/swarmscript/tokenizer.go:80.2,80.34 1 1
swarmsim/engine/swarmscript/tokenizer.go:80.34,81.31 1 1
swarmsim/engine/swarmscript/tokenizer.go:81.31,83.4 1 1
swarmsim/engine/swarmscript/tokenizer.go:85.2,85.13 1 1
